<?xml version="1.0" encoding="UTF-8"?>
<!-- Generated by org.testng.reporters.JUnitReportReporter -->
<testsuite hostname="BLRM-300067719" name="com.RestAssured.TestCases.Get_List_Of_Categories" tests="4" failures="0" timestamp="19 Apr 2020 15:50:16 GMT" time="0.571" errors="0">
  <testcase name="getListOfCategoryResponse" time="0.563" classname="com.RestAssured.TestCases.Get_List_Of_Categories"/>
  <testcase name="checkResponseTime" time="0.004" classname="com.RestAssured.TestCases.Get_List_Of_Categories"/>
  <testcase name="checkStatusLine" time="0.001" classname="com.RestAssured.TestCases.Get_List_Of_Categories"/>
  <testcase name="checkStatusCode" time="0.003" classname="com.RestAssured.TestCases.Get_List_Of_Categories"/>
</testsuite> <!-- com.RestAssured.TestCases.Get_List_Of_Categories -->
