<?xml version="1.0" encoding="UTF-8"?>
<!-- Generated by org.testng.reporters.JUnitReportReporter -->
<testsuite hostname="BLRM-300067719" name="com.RestAssured.TestCases.Get_LocationDetail_from_Coordinates" tests="4" failures="0" timestamp="19 Apr 2020 17:10:13 GMT" time="0.654" errors="0">
  <testcase name="checkStatusLine" time="0.001" classname="com.RestAssured.TestCases.Get_LocationDetail_from_Coordinates"/>
  <testcase name="getLocationDetailResponse" time="0.644" classname="com.RestAssured.TestCases.Get_LocationDetail_from_Coordinates"/>
  <testcase name="checkResponseTime" time="0.007" classname="com.RestAssured.TestCases.Get_LocationDetail_from_Coordinates"/>
  <testcase name="checkStatusCode" time="0.002" classname="com.RestAssured.TestCases.Get_LocationDetail_from_Coordinates"/>
</testsuite> <!-- com.RestAssured.TestCases.Get_LocationDetail_from_Coordinates -->
