<?xml version="1.0" encoding="UTF-8"?>
<!-- Generated by org.testng.reporters.JUnitReportReporter -->
<testsuite hostname="BLRM-300067719" name="com.RestAssured.TestCases.Get_List_Of_Catagories" tests="6" failures="0" timestamp="19 Apr 2020 13:31:40 GMT" time="0.905" errors="0">
  <testcase name="checkResponseTime" time="0.005" classname="com.RestAssured.TestCases.Get_List_Of_Catagories"/>
  <testcase name="checkContentLength" time="0.007" classname="com.RestAssured.TestCases.Get_List_Of_Catagories"/>
  <testcase name="checkRequestBody" time="0.885" classname="com.RestAssured.TestCases.Get_List_Of_Catagories"/>
  <testcase name="checkStatusLine" time="0.005" classname="com.RestAssured.TestCases.Get_List_Of_Catagories"/>
  <testcase name="checkCookies" time="0.002" classname="com.RestAssured.TestCases.Get_List_Of_Catagories"/>
  <testcase name="checkStatusCode" time="0.001" classname="com.RestAssured.TestCases.Get_List_Of_Catagories"/>
</testsuite> <!-- com.RestAssured.TestCases.Get_List_Of_Catagories -->
