<?xml version="1.0" encoding="UTF-8"?>
<!-- Generated by org.testng.reporters.JUnitReportReporter -->
<testsuite hostname="BLRM-300067719" name="com.RestAssured.TestCases.Get_Zometo_LocationDetails_From_Entity" tests="4" failures="0" timestamp="19 Apr 2020 17:39:31 GMT" time="0.107" errors="0">
  <testcase name="checkStatusLine" time="0.000" classname="com.RestAssured.TestCases.Get_Zometo_LocationDetails_From_Entity"/>
  <testcase name="checkStatusCode" time="0.001" classname="com.RestAssured.TestCases.Get_Zometo_LocationDetails_From_Entity"/>
  <testcase name="checkResponseTime" time="0.001" classname="com.RestAssured.TestCases.Get_Zometo_LocationDetails_From_Entity"/>
  <testcase name="getLocationDetail_From_Entity_Response" time="0.105" classname="com.RestAssured.TestCases.Get_Zometo_LocationDetails_From_Entity"/>
</testsuite> <!-- com.RestAssured.TestCases.Get_Zometo_LocationDetails_From_Entity -->
