<?xml version="1.0" encoding="UTF-8"?>
<!-- Generated by org.testng.reporters.JUnitReportReporter -->
<testsuite hostname="BLRM-300067719" name="com.RestAssured.TestCases.Get_List_Of_Categories" tests="4" failures="0" timestamp="19 Apr 2020 17:39:31 GMT" time="0.967" errors="0">
  <testcase name="checkResponseTime" time="0.002" classname="com.RestAssured.TestCases.Get_List_Of_Categories"/>
  <testcase name="checkStatusCode" time="0.004" classname="com.RestAssured.TestCases.Get_List_Of_Categories"/>
  <testcase name="checkStatusLine" time="0.001" classname="com.RestAssured.TestCases.Get_List_Of_Categories"/>
  <testcase name="getListOfCategoryResponse" time="0.960" classname="com.RestAssured.TestCases.Get_List_Of_Categories"/>
</testsuite> <!-- com.RestAssured.TestCases.Get_List_Of_Categories -->
